<?xml version="1.0" encoding="UTF-8"?>
<!-- Generated by org.testng.reporters.JUnitReportReporter -->
<testsuite skipped="0" hostname="DESKTOP-5SL4C2D" name="com.clearcode.testsuite.TestSuite1" tests="7" failures="0" timestamp="2020-06-23T12:04:01 IST" time="95.697" errors="0">
  <testcase name="adminLogin" time="12.685" classname="com.clearcode.testsuite.TestSuite1"/>
  <testcase name="addNewUser" time="22.005" classname="com.clearcode.testsuite.TestSuite1"/>
  <testcase name="addNewUser" time="17.168" classname="com.clearcode.testsuite.TestSuite1"/>
  <testcase name="addNewUser" time="16.755" classname="com.clearcode.testsuite.TestSuite1"/>
  <testcase name="userChangeRole" time="9.123" classname="com.clearcode.testsuite.TestSuite1"/>
  <testcase name="userChangeRole" time="9.181" classname="com.clearcode.testsuite.TestSuite1"/>
  <testcase name="userChangeRole" time="8.780" classname="com.clearcode.testsuite.TestSuite1"/>
</testsuite> <!-- com.clearcode.testsuite.TestSuite1 -->
